<?xml version="1.0" encoding="UTF-8"?>
<testsuite xmlns:xsi="http://www.w3.org/2001/XMLSchema-instance" xsi:noNamespaceSchemaLocation="https://maven.apache.org/surefire/maven-surefire-plugin/xsd/surefire-test-report-3.0.xsd" version="3.0" name="com.example.demo.DemoApplicationTests" time="7.251" tests="1" errors="0" skipped="0" failures="0">
  <properties>
[...]
</properties>
  <testcase name="contextLoads" classname="com.example.demo.DemoApplicationTests" time="0.584">
    <system-out><![CDATA[00:56:38.202 [main] INFO org.springframework.test.context.support.AnnotationConfigContextLoaderUtils -- Could not detect default configuration classes for test class [com.example.demo.DemoApplicationTests]: DemoApplicationTests does not declare any static, non-private, non-final, nested classes annotated with @Configuration.
00:56:38.380 [main] INFO org.springframework.boot.test.context.SpringBootTestContextBootstrapper -- Found @SpringBootConfiguration com.example.demo.DemoApplication for test class com.example.demo.DemoApplicationTests

  .   ____          _            __ _ _
 /\\ / ___'_ __ _ _(_)_ __  __ _ \ \ \ \
( ( )\___ | '_ | '_| | '_ \/ _` | \ \ \ \
 \\/  ___)| |_)| | | | | || (_| |  ) ) ) )
  '  |____| .__|_| |_|_| |_\__, | / / / /
 =========|_|==============|___/=/_/_/_/
 :: Spring Boot ::                (v3.2.0)

2026-04-04T00:56:38.899+05:30  INFO 19120 --- [           main] com.example.demo.DemoApplicationTests    : Starting DemoApplicationTests using Java 24.0.2 with PID 19120 (started by LENOVO in C:\project_1)
2026-04-04T00:56:38.901+05:30  INFO 19120 --- [           main] com.example.demo.DemoApplicationTests    : No active profile set, falling back to 1 default profile: "default"
2026-04-04T00:56:38.953+05:30 DEBUG 19120 --- [           main] o.s.w.c.s.GenericWebApplicationContext   : Refreshing org.springframework.web.context.support.GenericWebApplicationContext@66971f6b
2026-04-04T00:56:39.778+05:30  INFO 19120 --- [           main] .s.d.r.c.RepositoryConfigurationDelegate : Bootstrapping Spring Data JPA repositories in DEFAULT mode.
2026-04-04T00:56:39.869+05:30  INFO 19120 --- [           main] .s.d.r.c.RepositoryConfigurationDelegate : Finished Spring Data repository scanning in 77 ms. Found 2 JPA repository interfaces.
2026-04-04T00:56:40.496+05:30  INFO 19120 --- [           main] o.hibernate.jpa.internal.util.LogHelper  : HHH000204: Processing PersistenceUnitInfo [name: default]
2026-04-04T00:56:40.590+05:30  INFO 19120 --- [           main] org.hibernate.Version                    : HHH000412: Hibernate ORM core version 6.3.1.Final
2026-04-04T00:56:40.648+05:30  INFO 19120 --- [           main] o.h.c.internal.RegionFactoryInitiator    : HHH000026: Second-level cache disabled
2026-04-04T00:56:40.993+05:30  INFO 19120 --- [           main] o.s.o.j.p.SpringPersistenceUnitInfo      : No LoadTimeWeaver setup: ignoring JPA class transformer
2026-04-04T00:56:41.044+05:30  INFO 19120 --- [           main] com.zaxxer.hikari.HikariDataSource       : HikariPool-1 - Starting...
2026-04-04T00:56:41.358+05:30  INFO 19120 --- [           main] com.zaxxer.hikari.pool.HikariPool        : HikariPool-1 - Added connection conn0: url=jdbc:h2:mem:demo user=SA
2026-04-04T00:56:41.360+05:30  INFO 19120 --- [           main] com.zaxxer.hikari.HikariDataSource       : HikariPool-1 - Start completed.
2026-04-04T00:56:41.408+05:30  WARN 19120 --- [           main] org.hibernate.orm.deprecation            : HHH90000025: H2Dialect does not need to be specified explicitly using 'hibernate.dialect' (remove the property setting and it will be selected by default)
2026-04-04T00:56:42.485+05:30  INFO 19120 --- [           main] o.h.e.t.j.p.i.JtaPlatformInitiator       : HHH000489: No JTA platform available (set 'hibernate.transaction.jta.platform' to enable JTA platform integration)
2026-04-04T00:56:42.529+05:30  INFO 19120 --- [           main] j.LocalContainerEntityManagerFactoryBean : Initialized JPA EntityManagerFactory for persistence unit 'default'
2026-04-04T00:56:43.442+05:30  WARN 19120 --- [           main] JpaBaseConfiguration$JpaWebConfiguration : spring.jpa.open-in-view is enabled by default. Therefore, database queries may be performed during view rendering. Explicitly configure spring.jpa.open-in-view to disable this warning
2026-04-04T00:56:43.610+05:30 DEBUG 19120 --- [           main] s.w.s.m.m.a.RequestMappingHandlerMapping : 2 mappings in 'requestMappingHandlerMapping'
2026-04-04T00:56:43.855+05:30 DEBUG 19120 --- [           main] o.s.w.s.handler.SimpleUrlHandlerMapping  : Patterns [/webjars/**, /**] in 'resourceHandlerMapping'
2026-04-04T00:56:43.914+05:30 DEBUG 19120 --- [           main] s.w.s.m.m.a.RequestMappingHandlerAdapter : ControllerAdvice beans: 0 @ModelAttribute, 0 @InitBinder, 1 RequestBodyAdvice, 1 ResponseBodyAdvice
2026-04-04T00:56:43.967+05:30 DEBUG 19120 --- [           main] .m.m.a.ExceptionHandlerExceptionResolver : ControllerAdvice beans: 0 @ExceptionHandler, 1 ResponseBodyAdvice
2026-04-04T00:56:44.452+05:30  INFO 19120 --- [           main] o.s.s.web.DefaultSecurityFilterChain     : Will secure any request with [org.springframework.security.web.session.DisableEncodeUrlFilter@21457b14, org.springframework.security.web.context.request.async.WebAsyncManagerIntegrationFilter@7e484bd, org.springframework.security.web.context.SecurityContextHolderFilter@6d5fea64, org.springframework.security.web.header.HeaderWriterFilter@7b6b8cea, org.springframework.web.filter.CorsFilter@7e1ae693, org.springframework.security.web.csrf.CsrfFilter@77e1b84c, org.springframework.security.web.authentication.logout.LogoutFilter@3abb6aa, org.springframework.security.web.authentication.UsernamePasswordAuthenticationFilter@25093079, org.springframework.security.web.authentication.ui.DefaultLoginPageGeneratingFilter@6779af40, org.springframework.security.web.authentication.ui.DefaultLogoutPageGeneratingFilter@3e0600a4, org.springframework.security.web.authentication.www.BasicAuthenticationFilter@26a004ed, org.springframework.security.web.savedrequest.RequestCacheAwareFilter@155767a7, org.springframework.security.web.servletapi.SecurityContextHolderAwareRequestFilter@5418a659, org.springframework.security.web.authentication.AnonymousAuthenticationFilter@341141ab, org.springframework.security.web.access.ExceptionTranslationFilter@5cef5fc9, org.springframework.security.web.access.intercept.AuthorizationFilter@78839c2e]
2026-04-04T00:56:44.566+05:30  INFO 19120 --- [           main] com.example.demo.DemoApplicationTests    : Started DemoApplicationTests in 6.017 seconds (process running for 7.392)
]]></system-out>
    <system-err><![CDATA[WARNING: A Java agent has been loaded dynamically (C:\Users\LENOVO\.m2\repository\net\bytebuddy\byte-buddy-agent\1.14.10\byte-buddy-agent-1.14.10.jar)
WARNING: If a serviceability tool is in use, please run with -XX:+EnableDynamicAgentLoading to hide this warning
WARNING: If a serviceability tool is not in use, please run with -Djdk.instrument.traceUsage for more information
WARNING: Dynamic loading of agents will be disallowed by default in a future release
]]></system-err>
  </testcase>
</testsuite>